<?xml version="1.0" encoding="UTF-8"?>
<!-- Generated by org.testng.reporters.JUnitReportReporter -->
<testsuite hostname="Sara" failures="0" tests="1" name="base.ApiTest" time="1.313" errors="0" timestamp="2024-11-02T18:49:24 IST" skipped="0">
  <testcase classname="base.ApiTest" name="testGetRequest" time="1.313"/>
</testsuite> <!-- base.ApiTest -->
