<?xml version="1.0" encoding="UTF-8"?>
<!-- Generated by org.testng.reporters.JUnitReportReporter -->
<testsuite hostname="Sara" failures="0" tests="1" name="testcases.SauceDemoTest" time="1.054" errors="0" timestamp="2024-11-02T18:49:11 IST" skipped="0">
  <testcase classname="testcases.SauceDemoTest" name="testLoginAddToCartAndLogout" time="1.054"/>
  <system-out/>
</testsuite> <!-- testcases.SauceDemoTest -->
