<?xml version="1.0" encoding="UTF-8"?>
<!-- Generated by org.testng.reporters.JUnitReportReporter -->
<testsuite hostname="Sara" failures="0" tests="1" name="testcases.LoginTest" time="0.598" errors="0" timestamp="2024-11-01T13:05:23 IST" skipped="0">
  <testcase classname="testcases.LoginTest" name="testlogin" time="0.598"/>
  <system-out/>
</testsuite> <!-- testcases.LoginTest -->
